c:\users\sam exjhon\source\repos\sexybeach3fix\x64\debug\sexybeach3fix.pch
c:\users\sam exjhon\source\repos\sexybeach3fix\x64\debug\vc143.pdb
c:\users\sam exjhon\source\repos\sexybeach3fix\x64\debug\vc143.idb
c:\users\sam exjhon\source\repos\sexybeach3fix\x64\debug\pch.obj
c:\users\sam exjhon\source\repos\sexybeach3fix\x64\debug\sexybeach3fixdlg.obj
c:\users\sam exjhon\source\repos\sexybeach3fix\x64\debug\sexybeach3fix.obj
c:\users\sam exjhon\source\repos\sexybeach3fix\x64\debug\sexybeach3fix.exe
c:\users\sam exjhon\source\repos\sexybeach3fix\x64\debug\sexybeach3fix.ilk
c:\users\sam exjhon\source\repos\sexybeach3fix\x64\debug\sexybeach3fix.pdb
c:\users\sam exjhon\source\repos\sexybeach3fix\x64\debug\sexybeach3fix.res
c:\users\sam exjhon\source\repos\sexybeach3fix\x64\debug\sexybeach3fix.tlog\cl.command.1.tlog
c:\users\sam exjhon\source\repos\sexybeach3fix\x64\debug\sexybeach3fix.tlog\cl.items.tlog
c:\users\sam exjhon\source\repos\sexybeach3fix\x64\debug\sexybeach3fix.tlog\cl.read.1.tlog
c:\users\sam exjhon\source\repos\sexybeach3fix\x64\debug\sexybeach3fix.tlog\cl.write.1.tlog
c:\users\sam exjhon\source\repos\sexybeach3fix\x64\debug\sexybeach3fix.tlog\link.command.1.tlog
c:\users\sam exjhon\source\repos\sexybeach3fix\x64\debug\sexybeach3fix.tlog\link.read.1.tlog
c:\users\sam exjhon\source\repos\sexybeach3fix\x64\debug\sexybeach3fix.tlog\link.write.1.tlog
c:\users\sam exjhon\source\repos\sexybeach3fix\x64\debug\sexybeach3fix.tlog\rc.command.1.tlog
c:\users\sam exjhon\source\repos\sexybeach3fix\x64\debug\sexybeach3fix.tlog\rc.read.1.tlog
c:\users\sam exjhon\source\repos\sexybeach3fix\x64\debug\sexybeach3fix.tlog\rc.write.1.tlog
